0 info it worked if it ends with ok
1 verbose cli [ '/home/julienreboul/.nvm/versions/node/v4.4.3/bin/node',
1 verbose cli   '/home/julienreboul/.nvm/versions/node/v4.4.3/bin/npm',
1 verbose cli   'run',
1 verbose cli   'watch' ]
2 info using npm@3.8.6
3 info using node@v4.4.3
4 verbose run-script [ 'prewatch', 'watch', 'postwatch' ]
5 info lifecycle bonita-documentation@1.0.0~prewatch: bonita-documentation@1.0.0
6 silly lifecycle bonita-documentation@1.0.0~prewatch: no script for prewatch, continuing
7 info lifecycle bonita-documentation@1.0.0~watch: bonita-documentation@1.0.0
8 verbose lifecycle bonita-documentation@1.0.0~watch: unsafe-perm in lifecycle true
9 verbose lifecycle bonita-documentation@1.0.0~watch: PATH: /home/julienreboul/.nvm/versions/node/v4.4.3/lib/node_modules/npm/bin/node-gyp-bin:/home/julienreboul/workspace-distrib/bonita-doc/node_modules/.bin:/home/julienreboul/.nvm/versions/node/v4.4.3/bin:/home/julienreboul/perl5/bin:/home/julienreboul/.nvm/versions/node/v4.4.3/bin:/home/julienreboul/.rbenv/plugins/ruby-build/bin:/home/julienreboul/.rbenv/shims:/home/julienreboul/.rbenv/bin:/home/julienreboul/.linuxbrew/bin:/usr/local/sbin:/usr/local/bin:/usr/sbin:/usr/bin:/sbin:/bin:/hdd/opt/p4v//bin:/home/julienreboul/bin:/usr/lib/java/latest/bin:/hdd/opt/maven//bin:/hdd/opt/eclipse/:/hdd/opt/grails//bin:/hdd/opt/nodejs//bin:/hdd/opt/gradle//bin:/opt/webstorm//bin:/hdd/opt/ant//bin:/hdd/opt/phantomjs-2.1.1-linux-x86_64//bin:
10 verbose lifecycle bonita-documentation@1.0.0~watch: CWD: /home/julienreboul/workspace-distrib/bonita-doc
11 silly lifecycle bonita-documentation@1.0.0~watch: Args: [ '-c', 'scripts/watchFilesToConvertHtml.js' ]
12 silly lifecycle bonita-documentation@1.0.0~watch: Returned: code: 134  signal: null
13 info lifecycle bonita-documentation@1.0.0~watch: Failed to exec watch script
14 verbose stack Error: bonita-documentation@1.0.0 watch: `scripts/watchFilesToConvertHtml.js`
14 verbose stack Exit status 134
14 verbose stack     at EventEmitter.<anonymous> (/home/julienreboul/.nvm/versions/node/v4.4.3/lib/node_modules/npm/lib/utils/lifecycle.js:239:16)
14 verbose stack     at emitTwo (events.js:87:13)
14 verbose stack     at EventEmitter.emit (events.js:172:7)
14 verbose stack     at ChildProcess.<anonymous> (/home/julienreboul/.nvm/versions/node/v4.4.3/lib/node_modules/npm/lib/utils/spawn.js:24:14)
14 verbose stack     at emitTwo (events.js:87:13)
14 verbose stack     at ChildProcess.emit (events.js:172:7)
14 verbose stack     at maybeClose (internal/child_process.js:827:16)
14 verbose stack     at Process.ChildProcess._handle.onexit (internal/child_process.js:211:5)
15 verbose pkgid bonita-documentation@1.0.0
16 verbose cwd /home/julienreboul/workspace-distrib/bonita-doc
17 error Linux 3.13.0-86-generic
18 error argv "/home/julienreboul/.nvm/versions/node/v4.4.3/bin/node" "/home/julienreboul/.nvm/versions/node/v4.4.3/bin/npm" "run" "watch"
19 error node v4.4.3
20 error npm  v3.8.6
21 error code ELIFECYCLE
22 error bonita-documentation@1.0.0 watch: `scripts/watchFilesToConvertHtml.js`
22 error Exit status 134
23 error Failed at the bonita-documentation@1.0.0 watch script 'scripts/watchFilesToConvertHtml.js'.
23 error Make sure you have the latest version of node.js and npm installed.
23 error If you do, this is most likely a problem with the bonita-documentation package,
23 error not with npm itself.
23 error Tell the author that this fails on your system:
23 error     scripts/watchFilesToConvertHtml.js
23 error You can get information on how to open an issue for this project with:
23 error     npm bugs bonita-documentation
23 error Or if that isn't available, you can get their info via:
23 error     npm owner ls bonita-documentation
23 error There is likely additional logging output above.
24 verbose exit [ 1, true ]
